<?xml version="1.0" encoding="UTF-8"?>
<!-- Generated by org.testng.reporters.JUnitReportReporter -->
<testsuite hostname="USHYDMUDINESH4" failures="0" tests="6" name="api.test.DDTests" time="6.775" errors="0" timestamp="2024-01-30T13:29:57 IST" skipped="0">
  <testcase classname="api.test.DDTests" name="testPostUser" time="1.147"/>
  <system-out/>
  <testcase classname="api.test.DDTests" name="testPostUser" time="1.142"/>
  <system-out/>
  <testcase classname="api.test.DDTests" name="testPostUser" time="1.164"/>
  <system-out/>
  <testcase classname="api.test.DDTests" name="testDeleteByUserName" time="1.093"/>
  <system-out/>
  <testcase classname="api.test.DDTests" name="testDeleteByUserName" time="1.128"/>
  <system-out/>
  <testcase classname="api.test.DDTests" name="testDeleteByUserName" time="1.101"/>
  <system-out/>
</testsuite> <!-- api.test.DDTests -->
