<?xml version="1.0" encoding="UTF-8"?>
<!-- Generated by org.testng.reporters.JUnitReportReporter -->
<testsuite hostname="USHYDMUDINESH4" failures="0" tests="4" name="api.test.UserTests2" time="5.654" errors="0" timestamp="2024-01-30T13:29:57 IST" skipped="0">
  <testcase classname="api.test.UserTests2" name="testPostUser" time="1.232"/>
  <system-out/>
  <testcase classname="api.test.UserTests2" name="testGETUserByName" time="1.086"/>
  <system-out/>
  <testcase classname="api.test.UserTests2" name="testUpdateUserByName" time="2.262"/>
  <system-out/>
  <testcase classname="api.test.UserTests2" name="testdeleteUserByName" time="1.074"/>
  <system-out/>
</testsuite> <!-- api.test.UserTests2 -->
