<?xml version="1.0" encoding="UTF-8"?>
<!-- Generated by org.testng.reporters.JUnitReportReporter -->
<testsuite hostname="USHYDMUDINESH4" failures="0" tests="4" name="api.test.UserTests" time="6.952" errors="0" timestamp="2024-01-30T13:29:57 IST" skipped="0">
  <testcase classname="api.test.UserTests" name="testPostUser" time="2.495"/>
  <system-out/>
  <testcase classname="api.test.UserTests" name="testGETUserByName" time="1.095"/>
  <system-out/>
  <testcase classname="api.test.UserTests" name="testUpdateUserByName" time="2.239"/>
  <system-out/>
  <testcase classname="api.test.UserTests" name="testdeleteUserByName" time="1.123"/>
  <system-out/>
</testsuite> <!-- api.test.UserTests -->
