<?xml version="1.0" encoding="UTF-8"?>
<!-- Generated by org.testng.reporters.JUnitReportReporter -->
<testsuite hostname="USHYDMUDINESH4" failures="0" tests="4" name="api.test.UserTests2" time="6.193" errors="0" timestamp="2024-01-30T14:53:37 IST" skipped="0">
  <testcase classname="api.test.UserTests2" name="testPostUser" time="1.293"/>
  <system-out/>
  <testcase classname="api.test.UserTests2" name="testGETUserByName" time="1.273"/>
  <system-out/>
  <testcase classname="api.test.UserTests2" name="testUpdateUserByName" time="2.451"/>
  <system-out/>
  <testcase classname="api.test.UserTests2" name="testdeleteUserByName" time="1.176"/>
  <system-out/>
</testsuite> <!-- api.test.UserTests2 -->
