<?xml version="1.0" encoding="UTF-8"?>
<!-- Generated by org.testng.reporters.JUnitReportReporter -->
<testsuite hostname="USHYDMUDINESH4" failures="0" tests="4" name="api.test.UserTests" time="10.793" errors="0" timestamp="2024-01-30T14:53:37 IST" skipped="0">
  <testcase classname="api.test.UserTests" name="testPostUser" time="5.222"/>
  <system-out/>
  <testcase classname="api.test.UserTests" name="testGETUserByName" time="1.242"/>
  <system-out/>
  <testcase classname="api.test.UserTests" name="testUpdateUserByName" time="3.141"/>
  <system-out/>
  <testcase classname="api.test.UserTests" name="testdeleteUserByName" time="1.188"/>
  <system-out/>
</testsuite> <!-- api.test.UserTests -->
