<?xml version="1.0" encoding="UTF-8"?>
<!-- Generated by org.testng.reporters.JUnitReportReporter -->
<testsuite hostname="USHYDMUDINESH4" failures="0" tests="6" name="api.test.DDTests" time="7.024" errors="0" timestamp="2024-01-30T14:53:37 IST" skipped="0">
  <testcase classname="api.test.DDTests" name="testPostUser" time="1.231"/>
  <system-out/>
  <testcase classname="api.test.DDTests" name="testPostUser" time="1.106"/>
  <system-out/>
  <testcase classname="api.test.DDTests" name="testPostUser" time="1.141"/>
  <system-out/>
  <testcase classname="api.test.DDTests" name="testDeleteByUserName" time="1.224"/>
  <system-out/>
  <testcase classname="api.test.DDTests" name="testDeleteByUserName" time="1.129"/>
  <system-out/>
  <testcase classname="api.test.DDTests" name="testDeleteByUserName" time="1.193"/>
  <system-out/>
</testsuite> <!-- api.test.DDTests -->
